Logfile initialized
[INFO] logfile = /Users/gl/Documents/Titanium_Studio_Workspace/test/build.log
[DEBUG] /Users/gl/Library/Application Support/Titanium/mobilesdk/osx/3.1.3.GA/android/builder.py emulator test /SDKAndroid/sdk /Users/gl/Documents/Titanium_Studio_Workspace/test com.test.com 2 HVGA armeabi
[INFO] Building test for Android ... one moment
[INFO] Launching Android emulator...one moment
[DEBUG] From: /SDKAndroid/sdk/tools/emulator
[DEBUG] SDCard: /Users/gl/.titanium/android2.sdcard
[DEBUG] AVD ID: 2
[DEBUG] AVD Skin: HVGA
[DEBUG] AVD ABI: armeabi
[DEBUG] SDK: /SDKAndroid/sdk
[INFO] Emulator is running.
[INFO] plugin=/Users/gl/Library/Application Support/Titanium/plugins/ti.alloy/1.0/plugin.py
[INFO] Detected compiler plugin: ti.alloy/1.0
[INFO] Titanium SDK version: 3.1.3 (09/18/13 12:00 222f4d1)
[DEBUG] Waiting for device to be ready ...
[TRACE] adb devices returned 1 devices/emulators
[DEBUG] Device connected... (waited 0 seconds)
[DEBUG] waited 0.018446 seconds on emulator to get ready
[DEBUG] com.test.com installed? True
[INFO] Fastdev server running, deploying in Fastdev mode
[INFO] Copying CommonJS modules...
[INFO] Copying project resources..
[TRACE] COPYING MODIFIED FILE: /Users/gl/Documents/Titanium_Studio_Workspace/test/Resources/alloy/backbone.js => /Users/gl/Documents/Titanium_Studio_Workspace/test/build/android/bin/assets/Resources/alloy/backbone.js
[TRACE] COPYING MODIFIED FILE: /Users/gl/Documents/Titanium_Studio_Workspace/test/Resources/alloy/constants.js => /Users/gl/Documents/Titanium_Studio_Workspace/test/build/android/bin/assets/Resources/alloy/constants.js
[TRACE] COPYING MODIFIED FILE: /Users/gl/Documents/Titanium_Studio_Workspace/test/Resources/alloy/controllers/BaseController.js => /Users/gl/Documents/Titanium_Studio_Workspace/test/build/android/bin/assets/Resources/alloy/controllers/BaseController.js
[TRACE] COPYING MODIFIED FILE: /Users/gl/Documents/Titanium_Studio_Workspace/test/Resources/alloy/controllers/formController.js => /Users/gl/Documents/Titanium_Studio_Workspace/test/build/android/bin/assets/Resources/alloy/controllers/formController.js
[TRACE] COPYING MODIFIED FILE: /Users/gl/Documents/Titanium_Studio_Workspace/test/Resources/alloy/controllers/gpsController.js => /Users/gl/Documents/Titanium_Studio_Workspace/test/build/android/bin/assets/Resources/alloy/controllers/gpsController.js
[TRACE] COPYING MODIFIED FILE: /Users/gl/Documents/Titanium_Studio_Workspace/test/Resources/alloy/controllers/index.js => /Users/gl/Documents/Titanium_Studio_Workspace/test/build/android/bin/assets/Resources/alloy/controllers/index.js
[TRACE] COPYING MODIFIED FILE: /Users/gl/Documents/Titanium_Studio_Workspace/test/Resources/alloy/controllers/photoController.js => /Users/gl/Documents/Titanium_Studio_Workspace/test/build/android/bin/assets/Resources/alloy/controllers/photoController.js
[TRACE] COPYING MODIFIED FILE: /Users/gl/Documents/Titanium_Studio_Workspace/test/Resources/alloy/controllers/playController.js => /Users/gl/Documents/Titanium_Studio_Workspace/test/build/android/bin/assets/Resources/alloy/controllers/playController.js
[TRACE] COPYING MODIFIED FILE: /Users/gl/Documents/Titanium_Studio_Workspace/test/Resources/alloy/controllers/recordController.js => /Users/gl/Documents/Titanium_Studio_Workspace/test/build/android/bin/assets/Resources/alloy/controllers/recordController.js
[TRACE] COPYING MODIFIED FILE: /Users/gl/Documents/Titanium_Studio_Workspace/test/Resources/alloy/styles/formController.js => /Users/gl/Documents/Titanium_Studio_Workspace/test/build/android/bin/assets/Resources/alloy/styles/formController.js
[TRACE] COPYING MODIFIED FILE: /Users/gl/Documents/Titanium_Studio_Workspace/test/Resources/alloy/styles/gpsController.js => /Users/gl/Documents/Titanium_Studio_Workspace/test/build/android/bin/assets/Resources/alloy/styles/gpsController.js
[TRACE] COPYING MODIFIED FILE: /Users/gl/Documents/Titanium_Studio_Workspace/test/Resources/alloy/styles/index.js => /Users/gl/Documents/Titanium_Studio_Workspace/test/build/android/bin/assets/Resources/alloy/styles/index.js
[TRACE] COPYING MODIFIED FILE: /Users/gl/Documents/Titanium_Studio_Workspace/test/Resources/alloy/styles/photoController.js => /Users/gl/Documents/Titanium_Studio_Workspace/test/build/android/bin/assets/Resources/alloy/styles/photoController.js
[TRACE] COPYING MODIFIED FILE: /Users/gl/Documents/Titanium_Studio_Workspace/test/Resources/alloy/styles/playController.js => /Users/gl/Documents/Titanium_Studio_Workspace/test/build/android/bin/assets/Resources/alloy/styles/playController.js
[TRACE] COPYING MODIFIED FILE: /Users/gl/Documents/Titanium_Studio_Workspace/test/Resources/alloy/styles/recordController.js => /Users/gl/Documents/Titanium_Studio_Workspace/test/build/android/bin/assets/Resources/alloy/styles/recordController.js
[TRACE] COPYING MODIFIED FILE: /Users/gl/Documents/Titanium_Studio_Workspace/test/Resources/alloy/sync/localStorage.js => /Users/gl/Documents/Titanium_Studio_Workspace/test/build/android/bin/assets/Resources/alloy/sync/localStorage.js
[TRACE] COPYING MODIFIED FILE: /Users/gl/Documents/Titanium_Studio_Workspace/test/Resources/alloy/sync/properties.js => /Users/gl/Documents/Titanium_Studio_Workspace/test/build/android/bin/assets/Resources/alloy/sync/properties.js
[TRACE] COPYING MODIFIED FILE: /Users/gl/Documents/Titanium_Studio_Workspace/test/Resources/alloy/sync/sql.js => /Users/gl/Documents/Titanium_Studio_Workspace/test/build/android/bin/assets/Resources/alloy/sync/sql.js
[TRACE] COPYING MODIFIED FILE: /Users/gl/Documents/Titanium_Studio_Workspace/test/Resources/alloy/sync/util.js => /Users/gl/Documents/Titanium_Studio_Workspace/test/build/android/bin/assets/Resources/alloy/sync/util.js
[TRACE] COPYING MODIFIED FILE: /Users/gl/Documents/Titanium_Studio_Workspace/test/Resources/alloy/underscore.js => /Users/gl/Documents/Titanium_Studio_Workspace/test/build/android/bin/assets/Resources/alloy/underscore.js
[TRACE] COPYING MODIFIED FILE: /Users/gl/Documents/Titanium_Studio_Workspace/test/Resources/alloy/widget.js => /Users/gl/Documents/Titanium_Studio_Workspace/test/build/android/bin/assets/Resources/alloy/widget.js
[TRACE] COPYING MODIFIED FILE: /Users/gl/Documents/Titanium_Studio_Workspace/test/Resources/alloy.js => /Users/gl/Documents/Titanium_Studio_Workspace/test/build/android/bin/assets/Resources/alloy.js
[TRACE] COPYING MODIFIED FILE: /Users/gl/Documents/Titanium_Studio_Workspace/test/Resources/android/alloy/CFG.js => /Users/gl/Documents/Titanium_Studio_Workspace/test/build/android/bin/assets/Resources/alloy/CFG.js
[TRACE] COPYING MODIFIED FILE: /Users/gl/Documents/Titanium_Studio_Workspace/test/Resources/app.js => /Users/gl/Documents/Titanium_Studio_Workspace/test/build/android/bin/assets/Resources/app.js
[DEBUG] LiveView not enabled
[INFO] Tiapp.xml unchanged, skipping class generation
[DEBUG] Processing Android resource drawables
[DEBUG] Removed duplicate string [select_photo] from /Users/gl/Documents/Titanium_Studio_Workspace/test/build/android/res/values-es/strings.xml
[DEBUG] Removed duplicate string [take_other_photo] from /Users/gl/Documents/Titanium_Studio_Workspace/test/build/android/res/values-es/strings.xml
[DEBUG] Removed duplicate string [nice_picture] from /Users/gl/Documents/Titanium_Studio_Workspace/test/build/android/res/values-es/strings.xml
[DEBUG] Removed duplicate string [continue] from /Users/gl/Documents/Titanium_Studio_Workspace/test/build/android/res/values-es/strings.xml
[DEBUG] found drawable-long-land-hdpi splash screen at /Users/gl/Documents/Titanium_Studio_Workspace/test/Resources/android/images/res-long-land-hdpi/default.png
[DEBUG] found drawable-long-land-ldpi splash screen at /Users/gl/Documents/Titanium_Studio_Workspace/test/Resources/android/images/res-long-land-ldpi/default.png
[DEBUG] found drawable-long-port-hdpi splash screen at /Users/gl/Documents/Titanium_Studio_Workspace/test/Resources/android/images/res-long-port-hdpi/default.png
[DEBUG] found drawable-long-port-ldpi splash screen at /Users/gl/Documents/Titanium_Studio_Workspace/test/Resources/android/images/res-long-port-ldpi/default.png
[DEBUG] found drawable-notlong-land-hdpi splash screen at /Users/gl/Documents/Titanium_Studio_Workspace/test/Resources/android/images/res-notlong-land-hdpi/default.png
[DEBUG] found drawable-notlong-land-ldpi splash screen at /Users/gl/Documents/Titanium_Studio_Workspace/test/Resources/android/images/res-notlong-land-ldpi/default.png
[DEBUG] found drawable-notlong-land-mdpi splash screen at /Users/gl/Documents/Titanium_Studio_Workspace/test/Resources/android/images/res-notlong-land-mdpi/default.png
[DEBUG] found drawable-notlong-port-hdpi splash screen at /Users/gl/Documents/Titanium_Studio_Workspace/test/Resources/android/images/res-notlong-port-hdpi/default.png
[DEBUG] found drawable-notlong-port-ldpi splash screen at /Users/gl/Documents/Titanium_Studio_Workspace/test/Resources/android/images/res-notlong-port-ldpi/default.png
[DEBUG] found drawable-notlong-port-mdpi splash screen at /Users/gl/Documents/Titanium_Studio_Workspace/test/Resources/android/images/res-notlong-port-mdpi/default.png
[INFO] Re-launching application ... test
[INFO] Launching application ... test
[TRACE] Launch output: Starting: Intent { act=android.intent.action.MAIN cat=[android.intent.category.LAUNCHER] flg=0x10200000 cmp=com.test.com/.TestActivity }

[INFO] Relaunched test ... Application should be running.
